<?xml version="1.0" encoding="UTF-8"?>
<!-- Generated by org.testng.reporters.JUnitReportReporter -->
<testsuite hostname="DESKTOP-VSVB4IJ" name="com.training.sanity.tests.Filterorder_RTTC0016" tests="2" failures="0" timestamp="30 Oct 2019 06:55:03 GMT" time="0.025" errors="2">
  <testcase name="filtertest" time="0.003" classname="com.training.sanity.tests.Filterorder_RTTC0016">
    <error type="org.openqa.selenium.SessionNotCreatedException" message="session not created: This version of ChromeDriver only supports Chrome version 76
Build info: version: &#039;3.141.59&#039;, revision: &#039;e82be7d358&#039;, time: &#039;2018-11-14T08:25:53&#039;
System info: host: &#039;DESKTOP-VSVB4IJ&#039;, ip: &#039;9.204.133.33&#039;, os.name: &#039;Windows 10&#039;, os.arch: &#039;amd64&#039;, os.version: &#039;10.0&#039;, java.version: &#039;1.8.0_221&#039;
Driver info: driver.version: ChromeDriver
remote stacktrace: Backtrace:
	Ordinal0 [0x00E17C53+1473619]
	Ordinal0 [0x00D9AD71+961905]
	Ordinal0 [0x00D242B3+475827]
	Ordinal0 [0x00CBF365+62309]
	Ordinal0 [0x00CBBC77+48247]
	Ordinal0 [0x00CD9149+168265]
	Ordinal0 [0x00CD8D1D+167197]
	Ordinal0 [0x00CD742B+160811]
	Ordinal0 [0x00CC0AE6+68326]
	Ordinal0 [0x00CC1BF0+72688]
	Ordinal0 [0x00CC1B89+72585]
	Ordinal0 [0x00DB4B37+1067831]
	GetHandleVerifier [0x00EB6845+506677]
	GetHandleVerifier [0x00EB65E0+506064]
	GetHandleVerifier [0x00EBD188+533624]
	GetHandleVerifier [0x00EB701A+508682]
	Ordinal0 [0x00DAC226+1032742]
	Ordinal0 [0x00DAC09F+1032351]
	Ordinal0 [0x00DB6A4B+1075787]
	Ordinal0 [0x00DB6BB3+1076147]
	Ordinal0 [0x00DB5B65+1071973]
	BaseThreadInitThunk [0x77306359+25]
	RtlGetAppContainerNamedObjectPath [0x77A17B74+228]
	RtlGetAppContainerNamedObjectPath [0x77A17B44+180]
">
      <![CDATA[org.openqa.selenium.SessionNotCreatedException: session not created: This version of ChromeDriver only supports Chrome version 76
Build info: version: '3.141.59', revision: 'e82be7d358', time: '2018-11-14T08:25:53'
System info: host: 'DESKTOP-VSVB4IJ', ip: '9.204.133.33', os.name: 'Windows 10', os.arch: 'amd64', os.version: '10.0', java.version: '1.8.0_221'
Driver info: driver.version: ChromeDriver
remote stacktrace: Backtrace:
	Ordinal0 [0x00E17C53+1473619]
	Ordinal0 [0x00D9AD71+961905]
	Ordinal0 [0x00D242B3+475827]
	Ordinal0 [0x00CBF365+62309]
	Ordinal0 [0x00CBBC77+48247]
	Ordinal0 [0x00CD9149+168265]
	Ordinal0 [0x00CD8D1D+167197]
	Ordinal0 [0x00CD742B+160811]
	Ordinal0 [0x00CC0AE6+68326]
	Ordinal0 [0x00CC1BF0+72688]
	Ordinal0 [0x00CC1B89+72585]
	Ordinal0 [0x00DB4B37+1067831]
	GetHandleVerifier [0x00EB6845+506677]
	GetHandleVerifier [0x00EB65E0+506064]
	GetHandleVerifier [0x00EBD188+533624]
	GetHandleVerifier [0x00EB701A+508682]
	Ordinal0 [0x00DAC226+1032742]
	Ordinal0 [0x00DAC09F+1032351]
	Ordinal0 [0x00DB6A4B+1075787]
	Ordinal0 [0x00DB6BB3+1076147]
	Ordinal0 [0x00DB5B65+1071973]
	BaseThreadInitThunk [0x77306359+25]
	RtlGetAppContainerNamedObjectPath [0x77A17B74+228]
	RtlGetAppContainerNamedObjectPath [0x77A17B44+180]

	at sun.reflect.NativeConstructorAccessorImpl.newInstance0(Native Method)
	at sun.reflect.NativeConstructorAccessorImpl.newInstance(NativeConstructorAccessorImpl.java:62)
	at sun.reflect.DelegatingConstructorAccessorImpl.newInstance(DelegatingConstructorAccessorImpl.java:45)
	at java.lang.reflect.Constructor.newInstance(Constructor.java:423)
	at org.openqa.selenium.remote.W3CHandshakeResponse.lambda$errorHandler$0(W3CHandshakeResponse.java:62)
	at org.openqa.selenium.remote.HandshakeResponse.lambda$getResponseFunction$0(HandshakeResponse.java:30)
	at org.openqa.selenium.remote.ProtocolHandshake.lambda$createSession$0(ProtocolHandshake.java:126)
	at java.util.stream.ReferencePipeline$3$1.accept(ReferencePipeline.java:193)
	at java.util.Spliterators$ArraySpliterator.tryAdvance(Spliterators.java:958)
	at java.util.stream.ReferencePipeline.forEachWithCancel(ReferencePipeline.java:126)
	at java.util.stream.AbstractPipeline.copyIntoWithCancel(AbstractPipeline.java:499)
	at java.util.stream.AbstractPipeline.copyInto(AbstractPipeline.java:486)
	at java.util.stream.AbstractPipeline.wrapAndCopyInto(AbstractPipeline.java:472)
	at java.util.stream.FindOps$FindOp.evaluateSequential(FindOps.java:152)
	at java.util.stream.AbstractPipeline.evaluate(AbstractPipeline.java:234)
	at java.util.stream.ReferencePipeline.findFirst(ReferencePipeline.java:464)
	at org.openqa.selenium.remote.ProtocolHandshake.createSession(ProtocolHandshake.java:128)
	at org.openqa.selenium.remote.ProtocolHandshake.createSession(ProtocolHandshake.java:74)
	at org.openqa.selenium.remote.HttpCommandExecutor.execute(HttpCommandExecutor.java:136)
	at org.openqa.selenium.remote.service.DriverCommandExecutor.execute(DriverCommandExecutor.java:83)
	at org.openqa.selenium.remote.RemoteWebDriver.execute(RemoteWebDriver.java:552)
	at org.openqa.selenium.remote.RemoteWebDriver.startSession(RemoteWebDriver.java:213)
	at org.openqa.selenium.remote.RemoteWebDriver.<init>(RemoteWebDriver.java:131)
	at org.openqa.selenium.chrome.ChromeDriver.<init>(ChromeDriver.java:181)
	at org.openqa.selenium.chrome.ChromeDriver.<init>(ChromeDriver.java:168)
	at org.openqa.selenium.chrome.ChromeDriver.<init>(ChromeDriver.java:123)
	at com.training.utility.DriverFactory.getDriver(DriverFactory.java:24)
	at com.training.sanity.tests.Filterorder_RTTC0016.beforeMethod(Filterorder_RTTC0016.java:49)
	at sun.reflect.NativeMethodAccessorImpl.invoke0(Native Method)
	at sun.reflect.NativeMethodAccessorImpl.invoke(NativeMethodAccessorImpl.java:62)
	at sun.reflect.DelegatingMethodAccessorImpl.invoke(DelegatingMethodAccessorImpl.java:43)
	at java.lang.reflect.Method.invoke(Method.java:498)
	at org.testng.internal.MethodInvocationHelper.invokeMethod(MethodInvocationHelper.java:86)
	at org.testng.internal.Invoker.invokeConfigurationMethod(Invoker.java:515)
	at org.testng.internal.Invoker.invokeConfigurations(Invoker.java:216)
	at org.testng.internal.Invoker.invokeConfigurations(Invoker.java:143)
	at org.testng.internal.TestMethodWorker.invokeBeforeClassMethods(TestMethodWorker.java:178)
	at org.testng.internal.TestMethodWorker.run(TestMethodWorker.java:108)
	at org.testng.TestRunner.privateRun(TestRunner.java:778)
	at org.testng.TestRunner.run(TestRunner.java:632)
	at org.testng.SuiteRunner.runTest(SuiteRunner.java:366)
	at org.testng.SuiteRunner.runSequentially(SuiteRunner.java:361)
	at org.testng.SuiteRunner.privateRun(SuiteRunner.java:319)
	at org.testng.SuiteRunner.run(SuiteRunner.java:268)
	at org.testng.SuiteRunnerWorker.runSuite(SuiteRunnerWorker.java:52)
	at org.testng.SuiteRunnerWorker.run(SuiteRunnerWorker.java:86)
	at org.testng.TestNG.runSuitesSequentially(TestNG.java:1225)
	at org.testng.TestNG.runSuitesLocally(TestNG.java:1150)
	at org.testng.TestNG.runSuites(TestNG.java:1075)
	at org.testng.TestNG.run(TestNG.java:1047)
	at org.testng.remote.AbstractRemoteTestNG.run(AbstractRemoteTestNG.java:115)
	at org.testng.remote.RemoteTestNG.initAndRun(RemoteTestNG.java:251)
	at org.testng.remote.RemoteTestNG.main(RemoteTestNG.java:77)
]]>
    </error>
  </testcase> <!-- filtertest -->
  <testcase name="alogintest" time="0.022" classname="com.training.sanity.tests.Filterorder_RTTC0016">
    <error type="org.openqa.selenium.SessionNotCreatedException" message="session not created: This version of ChromeDriver only supports Chrome version 76
Build info: version: &#039;3.141.59&#039;, revision: &#039;e82be7d358&#039;, time: &#039;2018-11-14T08:25:53&#039;
System info: host: &#039;DESKTOP-VSVB4IJ&#039;, ip: &#039;9.204.133.33&#039;, os.name: &#039;Windows 10&#039;, os.arch: &#039;amd64&#039;, os.version: &#039;10.0&#039;, java.version: &#039;1.8.0_221&#039;
Driver info: driver.version: ChromeDriver
remote stacktrace: Backtrace:
	Ordinal0 [0x00E17C53+1473619]
	Ordinal0 [0x00D9AD71+961905]
	Ordinal0 [0x00D242B3+475827]
	Ordinal0 [0x00CBF365+62309]
	Ordinal0 [0x00CBBC77+48247]
	Ordinal0 [0x00CD9149+168265]
	Ordinal0 [0x00CD8D1D+167197]
	Ordinal0 [0x00CD742B+160811]
	Ordinal0 [0x00CC0AE6+68326]
	Ordinal0 [0x00CC1BF0+72688]
	Ordinal0 [0x00CC1B89+72585]
	Ordinal0 [0x00DB4B37+1067831]
	GetHandleVerifier [0x00EB6845+506677]
	GetHandleVerifier [0x00EB65E0+506064]
	GetHandleVerifier [0x00EBD188+533624]
	GetHandleVerifier [0x00EB701A+508682]
	Ordinal0 [0x00DAC226+1032742]
	Ordinal0 [0x00DAC09F+1032351]
	Ordinal0 [0x00DB6A4B+1075787]
	Ordinal0 [0x00DB6BB3+1076147]
	Ordinal0 [0x00DB5B65+1071973]
	BaseThreadInitThunk [0x77306359+25]
	RtlGetAppContainerNamedObjectPath [0x77A17B74+228]
	RtlGetAppContainerNamedObjectPath [0x77A17B44+180]
">
      <![CDATA[org.openqa.selenium.SessionNotCreatedException: session not created: This version of ChromeDriver only supports Chrome version 76
Build info: version: '3.141.59', revision: 'e82be7d358', time: '2018-11-14T08:25:53'
System info: host: 'DESKTOP-VSVB4IJ', ip: '9.204.133.33', os.name: 'Windows 10', os.arch: 'amd64', os.version: '10.0', java.version: '1.8.0_221'
Driver info: driver.version: ChromeDriver
remote stacktrace: Backtrace:
	Ordinal0 [0x00E17C53+1473619]
	Ordinal0 [0x00D9AD71+961905]
	Ordinal0 [0x00D242B3+475827]
	Ordinal0 [0x00CBF365+62309]
	Ordinal0 [0x00CBBC77+48247]
	Ordinal0 [0x00CD9149+168265]
	Ordinal0 [0x00CD8D1D+167197]
	Ordinal0 [0x00CD742B+160811]
	Ordinal0 [0x00CC0AE6+68326]
	Ordinal0 [0x00CC1BF0+72688]
	Ordinal0 [0x00CC1B89+72585]
	Ordinal0 [0x00DB4B37+1067831]
	GetHandleVerifier [0x00EB6845+506677]
	GetHandleVerifier [0x00EB65E0+506064]
	GetHandleVerifier [0x00EBD188+533624]
	GetHandleVerifier [0x00EB701A+508682]
	Ordinal0 [0x00DAC226+1032742]
	Ordinal0 [0x00DAC09F+1032351]
	Ordinal0 [0x00DB6A4B+1075787]
	Ordinal0 [0x00DB6BB3+1076147]
	Ordinal0 [0x00DB5B65+1071973]
	BaseThreadInitThunk [0x77306359+25]
	RtlGetAppContainerNamedObjectPath [0x77A17B74+228]
	RtlGetAppContainerNamedObjectPath [0x77A17B44+180]

	at sun.reflect.NativeConstructorAccessorImpl.newInstance0(Native Method)
	at sun.reflect.NativeConstructorAccessorImpl.newInstance(NativeConstructorAccessorImpl.java:62)
	at sun.reflect.DelegatingConstructorAccessorImpl.newInstance(DelegatingConstructorAccessorImpl.java:45)
	at java.lang.reflect.Constructor.newInstance(Constructor.java:423)
	at org.openqa.selenium.remote.W3CHandshakeResponse.lambda$errorHandler$0(W3CHandshakeResponse.java:62)
	at org.openqa.selenium.remote.HandshakeResponse.lambda$getResponseFunction$0(HandshakeResponse.java:30)
	at org.openqa.selenium.remote.ProtocolHandshake.lambda$createSession$0(ProtocolHandshake.java:126)
	at java.util.stream.ReferencePipeline$3$1.accept(ReferencePipeline.java:193)
	at java.util.Spliterators$ArraySpliterator.tryAdvance(Spliterators.java:958)
	at java.util.stream.ReferencePipeline.forEachWithCancel(ReferencePipeline.java:126)
	at java.util.stream.AbstractPipeline.copyIntoWithCancel(AbstractPipeline.java:499)
	at java.util.stream.AbstractPipeline.copyInto(AbstractPipeline.java:486)
	at java.util.stream.AbstractPipeline.wrapAndCopyInto(AbstractPipeline.java:472)
	at java.util.stream.FindOps$FindOp.evaluateSequential(FindOps.java:152)
	at java.util.stream.AbstractPipeline.evaluate(AbstractPipeline.java:234)
	at java.util.stream.ReferencePipeline.findFirst(ReferencePipeline.java:464)
	at org.openqa.selenium.remote.ProtocolHandshake.createSession(ProtocolHandshake.java:128)
	at org.openqa.selenium.remote.ProtocolHandshake.createSession(ProtocolHandshake.java:74)
	at org.openqa.selenium.remote.HttpCommandExecutor.execute(HttpCommandExecutor.java:136)
	at org.openqa.selenium.remote.service.DriverCommandExecutor.execute(DriverCommandExecutor.java:83)
	at org.openqa.selenium.remote.RemoteWebDriver.execute(RemoteWebDriver.java:552)
	at org.openqa.selenium.remote.RemoteWebDriver.startSession(RemoteWebDriver.java:213)
	at org.openqa.selenium.remote.RemoteWebDriver.<init>(RemoteWebDriver.java:131)
	at org.openqa.selenium.chrome.ChromeDriver.<init>(ChromeDriver.java:181)
	at org.openqa.selenium.chrome.ChromeDriver.<init>(ChromeDriver.java:168)
	at org.openqa.selenium.chrome.ChromeDriver.<init>(ChromeDriver.java:123)
	at com.training.utility.DriverFactory.getDriver(DriverFactory.java:24)
	at com.training.sanity.tests.Filterorder_RTTC0016.beforeMethod(Filterorder_RTTC0016.java:49)
	at sun.reflect.NativeMethodAccessorImpl.invoke0(Native Method)
	at sun.reflect.NativeMethodAccessorImpl.invoke(NativeMethodAccessorImpl.java:62)
	at sun.reflect.DelegatingMethodAccessorImpl.invoke(DelegatingMethodAccessorImpl.java:43)
	at java.lang.reflect.Method.invoke(Method.java:498)
	at org.testng.internal.MethodInvocationHelper.invokeMethod(MethodInvocationHelper.java:86)
	at org.testng.internal.Invoker.invokeConfigurationMethod(Invoker.java:515)
	at org.testng.internal.Invoker.invokeConfigurations(Invoker.java:216)
	at org.testng.internal.Invoker.invokeConfigurations(Invoker.java:143)
	at org.testng.internal.TestMethodWorker.invokeBeforeClassMethods(TestMethodWorker.java:178)
	at org.testng.internal.TestMethodWorker.run(TestMethodWorker.java:108)
	at org.testng.TestRunner.privateRun(TestRunner.java:778)
	at org.testng.TestRunner.run(TestRunner.java:632)
	at org.testng.SuiteRunner.runTest(SuiteRunner.java:366)
	at org.testng.SuiteRunner.runSequentially(SuiteRunner.java:361)
	at org.testng.SuiteRunner.privateRun(SuiteRunner.java:319)
	at org.testng.SuiteRunner.run(SuiteRunner.java:268)
	at org.testng.SuiteRunnerWorker.runSuite(SuiteRunnerWorker.java:52)
	at org.testng.SuiteRunnerWorker.run(SuiteRunnerWorker.java:86)
	at org.testng.TestNG.runSuitesSequentially(TestNG.java:1225)
	at org.testng.TestNG.runSuitesLocally(TestNG.java:1150)
	at org.testng.TestNG.runSuites(TestNG.java:1075)
	at org.testng.TestNG.run(TestNG.java:1047)
	at org.testng.remote.AbstractRemoteTestNG.run(AbstractRemoteTestNG.java:115)
	at org.testng.remote.RemoteTestNG.initAndRun(RemoteTestNG.java:251)
	at org.testng.remote.RemoteTestNG.main(RemoteTestNG.java:77)
]]>
    </error>
  </testcase> <!-- alogintest -->
</testsuite> <!-- com.training.sanity.tests.Filterorder_RTTC0016 -->
